# JRE version: Java(TM) SE Runtime Environment (8.0_20-b26) (build 1.8.0_20-b26)
# Java VM: Java HotSpot(TM) 64-Bit Server VM (25.20-b23 mixed mode windows-amd64 compressed oops)
Heap:
 PSYoungGen      total 227328K, used 155135K [0x00000000eab00000, 0x00000000fcb00000, 0x0000000100000000)
  eden space 189952K, 68% used [0x00000000eab00000,0x00000000f2a92cd8,0x00000000f6480000)
  from space 37376K, 65% used [0x00000000f6480000,0x00000000f7c6d178,0x00000000f8900000)
  to   space 38400K, 0% used [0x00000000fa580000,0x00000000fa580000,0x00000000fcb00000)
 ParOldGen       total 73728K, used 60304K [0x00000000c0000000, 0x00000000c4800000, 0x00000000eab00000)
  object space 73728K, 81% used [0x00000000c0000000,0x00000000c3ae4250,0x00000000c4800000)
 Metaspace       used 79321K, capacity 83286K, committed 83840K, reserved 1120256K
  class space    used 10780K, capacity 12240K, committed 12416K, reserved 1048576K
GC Heap History (10 events):
Event: 4776.262 GC heap before
{Heap before GC invocations=26 (full 4):
 PSYoungGen      total 184832K, used 174903K [0x00000000eab00000, 0x00000000f9400000, 0x0000000100000000)
  eden space 158720K, 100% used [0x00000000eab00000,0x00000000f4600000,0x00000000f4600000)
  from space 26112K, 61% used [0x00000000f4600000,0x00000000f55cdd50,0x00000000f5f80000)
  to   space 26624K, 0% used [0x00000000f7a00000,0x00000000f7a00000,0x00000000f9400000)
 ParOldGen       total 73728K, used 61066K [0x00000000c0000000, 0x00000000c4800000, 0x00000000eab00000)
  object space 73728K, 82% used [0x00000000c0000000,0x00000000c3ba2ad0,0x00000000c4800000)
 Metaspace       used 68562K, capacity 71988K, committed 72192K, reserved 1110016K
  class space    used 9379K, capacity 10724K, committed 10752K, reserved 1048576K
Event: 4776.459 GC heap after
Heap after GC invocations=26 (full 4):
 PSYoungGen      total 205824K, used 26596K [0x00000000eab00000, 0x00000000fa500000, 0x0000000100000000)
  eden space 179200K, 0% used [0x00000000eab00000,0x00000000eab00000,0x00000000f5a00000)
  from space 26624K, 99% used [0x00000000f7a00000,0x00000000f93f9110,0x00000000f9400000)
  to   space 32768K, 0% used [0x00000000f5a00000,0x00000000f5a00000,0x00000000f7a00000)
 ParOldGen       total 73728K, used 66289K [0x00000000c0000000, 0x00000000c4800000, 0x00000000eab00000)
  object space 73728K, 89% used [0x00000000c0000000,0x00000000c40bc6f8,0x00000000c4800000)
 Metaspace       used 68562K, capacity 71988K, committed 72192K, reserved 1110016K
  class space    used 9379K, capacity 10724K, committed 10752K, reserved 1048576K
}
Event: 4777.391 GC heap before
{Heap before GC invocations=27 (full 4):
 PSYoungGen      total 205824K, used 47901K [0x00000000eab00000, 0x00000000fa500000, 0x0000000100000000)
  eden space 179200K, 11% used [0x00000000eab00000,0x00000000ebfce3c0,0x00000000f5a00000)
  from space 26624K, 99% used [0x00000000f7a00000,0x00000000f93f9110,0x00000000f9400000)
  to   space 32768K, 0% used [0x00000000f5a00000,0x00000000f5a00000,0x00000000f7a00000)
 ParOldGen       total 73728K, used 66289K [0x00000000c0000000, 0x00000000c4800000, 0x00000000eab00000)
  object space 73728K, 89% used [0x00000000c0000000,0x00000000c40bc6f8,0x00000000c4800000)
 Metaspace       used 69585K, capacity 73396K, committed 73472K, reserved 1112064K
  class space    used 9555K, capacity 10984K, committed 11008K, reserved 1048576K
Event: 4777.535 GC heap after
Heap after GC invocations=27 (full 4):
 PSYoungGen      total 211968K, used 28240K [0x00000000eab00000, 0x00000000fad00000, 0x0000000100000000)
  eden space 179200K, 0% used [0x00000000eab00000,0x00000000eab00000,0x00000000f5a00000)
  from space 32768K, 86% used [0x00000000f5a00000,0x00000000f75941f8,0x00000000f7a00000)
  to   space 36864K, 0% used [0x00000000f8900000,0x00000000f8900000,0x00000000fad00000)
 ParOldGen       total 73728K, used 66289K [0x00000000c0000000, 0x00000000c4800000, 0x00000000eab00000)
  object space 73728K, 89% used [0x00000000c0000000,0x00000000c40bc6f8,0x00000000c4800000)
 Metaspace       used 69585K, capacity 73396K, committed 73472K, reserved 1112064K
  class space    used 9555K, capacity 10984K, committed 11008K, reserved 1048576K
}
Event: 4777.535 GC heap before
{Heap before GC invocations=28 (full 5):
 PSYoungGen      total 211968K, used 28240K [0x00000000eab00000, 0x00000000fad00000, 0x0000000100000000)
  eden space 179200K, 0% used [0x00000000eab00000,0x00000000eab00000,0x00000000f5a00000)
  from space 32768K, 86% used [0x00000000f5a00000,0x00000000f75941f8,0x00000000f7a00000)
  to   space 36864K, 0% used [0x00000000f8900000,0x00000000f8900000,0x00000000fad00000)
 ParOldGen       total 73728K, used 66289K [0x00000000c0000000, 0x00000000c4800000, 0x00000000eab00000)
  object space 73728K, 89% used [0x00000000c0000000,0x00000000c40bc6f8,0x00000000c4800000)
 Metaspace       used 69585K, capacity 73396K, committed 73472K, reserved 1112064K
  class space    used 9555K, capacity 10984K, committed 11008K, reserved 1048576K
Event: 4778.890 GC heap after
Heap after GC invocations=28 (full 5):
 PSYoungGen      total 211968K, used 0K [0x00000000eab00000, 0x00000000fad00000, 0x0000000100000000)
  eden space 179200K, 0% used [0x00000000eab00000,0x00000000eab00000,0x00000000f5a00000)
  from space 32768K, 0% used [0x00000000f5a00000,0x00000000f5a00000,0x00000000f7a00000)
  to   space 36864K, 0% used [0x00000000f8900000,0x00000000f8900000,0x00000000fad00000)
 ParOldGen       total 73728K, used 60288K [0x00000000c0000000, 0x00000000c4800000, 0x00000000eab00000)
  object space 73728K, 81% used [0x00000000c0000000,0x00000000c3ae0250,0x00000000c4800000)
 Metaspace       used 68693K, capacity 71504K, committed 73472K, reserved 1112064K
  class space    used 9249K, capacity 10264K, committed 11008K, reserved 1048576K
}
Event: 4804.767 GC heap before
{Heap before GC invocations=29 (full 5):
 PSYoungGen      total 211968K, used 179200K [0x00000000eab00000, 0x00000000fad00000, 0x0000000100000000)
  eden space 179200K, 100% used [0x00000000eab00000,0x00000000f5a00000,0x00000000f5a00000)
  from space 32768K, 0% used [0x00000000f5a00000,0x00000000f5a00000,0x00000000f7a00000)
  to   space 36864K, 0% used [0x00000000f8900000,0x00000000f8900000,0x00000000fad00000)
 ParOldGen       total 73728K, used 60288K [0x00000000c0000000, 0x00000000c4800000, 0x00000000eab00000)
  object space 73728K, 81% used [0x00000000c0000000,0x00000000c3ae0250,0x00000000c4800000)
 Metaspace       used 75867K, capacity 79280K, committed 80128K, reserved 1118208K
  class space    used 10273K, capacity 11511K, committed 11776K, reserved 1048576K
Event: 4804.827 GC heap after
Heap after GC invocations=29 (full 5):
 PSYoungGen      total 226816K, used 21570K [0x00000000eab00000, 0x00000000fc100000, 0x0000000100000000)
  eden space 189952K, 0% used [0x00000000eab00000,0x00000000eab00000,0x00000000f6480000)
  from space 36864K, 58% used [0x00000000f8900000,0x00000000f9e10a30,0x00000000fad00000)
  to   space 37376K, 0% used [0x00000000f6480000,0x00000000f6480000,0x00000000f8900000)
 ParOldGen       total 73728K, used 60296K [0x00000000c0000000, 0x00000000c4800000, 0x00000000eab00000)
  object space 73728K, 81% used [0x00000000c0000000,0x00000000c3ae2250,0x00000000c4800000)
 Metaspace       used 75867K, capacity 79280K, committed 80128K, reserved 1118208K
  class space    used 10273K, capacity 11511K, committed 11776K, reserved 1048576K
}
Event: 4832.347 GC heap before
{Heap before GC invocations=30 (full 5):
 PSYoungGen      total 226816K, used 211522K [0x00000000eab00000, 0x00000000fc100000, 0x0000000100000000)
  eden space 189952K, 100% used [0x00000000eab00000,0x00000000f6480000,0x00000000f6480000)
  from space 36864K, 58% used [0x00000000f8900000,0x00000000f9e10a30,0x00000000fad00000)
  to   space 37376K, 0% used [0x00000000f6480000,0x00000000f6480000,0x00000000f8900000)
 ParOldGen       total 73728K, used 60296K [0x00000000c0000000, 0x00000000c4800000, 0x00000000eab00000)
  object space 73728K, 81% used [0x00000000c0000000,0x00000000c3ae2250,0x00000000c4800000)
 Metaspace       used 79068K, capacity 82730K, committed 83200K, reserved 1120256K
  class space    used 10754K, capacity 12097K, committed 12288K, reserved 1048576K
Event: 4832.414 GC heap after
Heap after GC invocations=30 (full 5):
 PSYoungGen      total 227328K, used 24500K [0x00000000eab00000, 0x00000000fcb00000, 0x0000000100000000)
  eden space 189952K, 0% used [0x00000000eab00000,0x00000000eab00000,0x00000000f6480000)
  from space 37376K, 65% used [0x00000000f6480000,0x00000000f7c6d178,0x00000000f8900000)
  to   space 38400K, 0% used [0x00000000fa580000,0x00000000fa580000,0x00000000fcb00000)
 ParOldGen       total 73728K, used 60304K [0x00000000c0000000, 0x00000000c4800000, 0x00000000eab00000)
  object space 73728K, 81% used [0x00000000c0000000,0x00000000c3ae4250,0x00000000c4800000)
 Metaspace       used 79068K, capacity 82730K, committed 83200K, reserved 1120256K
  class space    used 10754K, capacity 12097K, committed 12288K, reserved 1048576K
}

